# JRE version: OpenJDK Runtime Environment (17.0.18+8) (build 17.0.18+8)
# Java VM: OpenJDK 64-Bit Server VM (17.0.18+8, mixed mode, sharing, tiered, compressed oops, compressed class ptrs, g1 gc, linux-amd64)
GC Precious Log:
 CPUs: 12 total, 12 available
 Memory: 32012M
 Large Page Support: Disabled
 NUMA Support: Disabled
 Compressed Oops: Enabled (Zero based)
 Heap Region Size: 4M
 Heap Min Capacity: 8M
 Heap Initial Capacity: 504M
 Heap Max Capacity: 8004M
 Pre-touch: Disabled
 Parallel Workers: 10
 Concurrent Workers: 3
 Concurrent Refinement Workers: 10
 Periodic GC: Disabled
Heap:
 garbage-first heap   total 692224K, used 135082K [0x000000060bc00000, 0x0000000800000000)
  region size 4096K, 20 young (81920K), 6 survivors (24576K)
 Metaspace       used 34338K, committed 34752K, reserved 1114112K
  class space    used 3817K, committed 4032K, reserved 1048576K
GC Heap History (18 events):
Event: 0.417 GC heap before
{Heap before GC invocations=0 (full 0):
 garbage-first heap   total 524288K, used 28596K [0x000000060bc00000, 0x0000000800000000)
  region size 4096K, 6 young (24576K), 0 survivors (0K)
 Metaspace       used 5531K, committed 5696K, reserved 1114112K
  class space    used 672K, committed 768K, reserved 1048576K
}
Event: 0.422 GC heap after
{Heap after GC invocations=1 (full 0):
 garbage-first heap   total 524288K, used 7276K [0x000000060bc00000, 0x0000000800000000)
  region size 4096K, 1 young (4096K), 1 survivors (4096K)
 Metaspace       used 5531K, committed 5696K, reserved 1114112K
  class space    used 672K, committed 768K, reserved 1048576K
}
Event: 0.727 GC heap before
{Heap before GC invocations=1 (full 0):
 garbage-first heap   total 524288K, used 35948K [0x000000060bc00000, 0x0000000800000000)
  region size 4096K, 8 young (32768K), 1 survivors (4096K)
 Metaspace       used 10007K, committed 10112K, reserved 1114112K
  class space    used 1235K, committed 1280K, reserved 1048576K
}
Event: 0.732 GC heap after
{Heap after GC invocations=2 (full 0):
 garbage-first heap   total 524288K, used 8833K [0x000000060bc00000, 0x0000000800000000)
  region size 4096K, 1 young (4096K), 1 survivors (4096K)
 Metaspace       used 10007K, committed 10112K, reserved 1114112K
  class space    used 1235K, committed 1280K, reserved 1048576K
}
Event: 2.099 GC heap before
{Heap before GC invocations=2 (full 0):
 garbage-first heap   total 524288K, used 184961K [0x000000060bc00000, 0x0000000800000000)
  region size 4096K, 37 young (151552K), 1 survivors (4096K)
 Metaspace       used 21217K, committed 21504K, reserved 1114112K
  class space    used 2522K, committed 2688K, reserved 1048576K
}
Event: 2.117 GC heap after
{Heap after GC invocations=3 (full 0):
 garbage-first heap   total 524288K, used 24872K [0x000000060bc00000, 0x0000000800000000)
  region size 4096K, 5 young (20480K), 5 survivors (20480K)
 Metaspace       used 21217K, committed 21504K, reserved 1114112K
  class space    used 2522K, committed 2688K, reserved 1048576K
}
Event: 2.600 GC heap before
{Heap before GC invocations=4 (full 0):
 garbage-first heap   total 122880K, used 78120K [0x000000060bc00000, 0x0000000800000000)
  region size 4096K, 18 young (73728K), 5 survivors (20480K)
 Metaspace       used 26119K, committed 26432K, reserved 1114112K
  class space    used 3053K, committed 3200K, reserved 1048576K
}
Event: 2.612 GC heap after
{Heap after GC invocations=5 (full 0):
 garbage-first heap   total 122880K, used 37688K [0x000000060bc00000, 0x0000000800000000)
  region size 4096K, 3 young (12288K), 3 survivors (12288K)
 Metaspace       used 26119K, committed 26432K, reserved 1114112K
  class space    used 3053K, committed 3200K, reserved 1048576K
}
Event: 2.622 GC heap before
{Heap before GC invocations=5 (full 0):
 garbage-first heap   total 122880K, used 41784K [0x000000060bc00000, 0x0000000800000000)
  region size 4096K, 4 young (16384K), 3 survivors (12288K)
 Metaspace       used 26129K, committed 26432K, reserved 1114112K
  class space    used 3053K, committed 3200K, reserved 1048576K
}
Event: 2.633 GC heap after
{Heap after GC invocations=6 (full 0):
 garbage-first heap   total 319488K, used 40811K [0x000000060bc00000, 0x0000000800000000)
  region size 4096K, 1 young (4096K), 1 survivors (4096K)
 Metaspace       used 26129K, committed 26432K, reserved 1114112K
  class space    used 3053K, committed 3200K, reserved 1048576K
}
Event: 3.510 GC heap before
{Heap before GC invocations=6 (full 0):
 garbage-first heap   total 319488K, used 192363K [0x000000060bc00000, 0x0000000800000000)
  region size 4096K, 38 young (155648K), 1 survivors (4096K)
 Metaspace       used 29578K, committed 29888K, reserved 1114112K
  class space    used 3368K, committed 3520K, reserved 1048576K
}
Event: 3.525 GC heap after
{Heap after GC invocations=7 (full 0):
 garbage-first heap   total 319488K, used 50326K [0x000000060bc00000, 0x0000000800000000)
  region size 4096K, 3 young (12288K), 3 survivors (12288K)
 Metaspace       used 29578K, committed 29888K, reserved 1114112K
  class space    used 3368K, committed 3520K, reserved 1048576K
}
Event: 3.959 GC heap before
{Heap before GC invocations=7 (full 0):
 garbage-first heap   total 319488K, used 205974K [0x000000060bc00000, 0x0000000800000000)
  region size 4096K, 41 young (167936K), 3 survivors (12288K)
 Metaspace       used 29791K, committed 30144K, reserved 1114112K
  class space    used 3378K, committed 3520K, reserved 1048576K
}
Event: 3.974 GC heap after
{Heap after GC invocations=8 (full 0):
 garbage-first heap   total 319488K, used 56310K [0x000000060bc00000, 0x0000000800000000)
  region size 4096K, 5 young (20480K), 5 survivors (20480K)
 Metaspace       used 29791K, committed 30144K, reserved 1114112K
  class space    used 3378K, committed 3520K, reserved 1048576K
}
Event: 4.561 GC heap before
{Heap before GC invocations=8 (full 0):
 garbage-first heap   total 319488K, used 224246K [0x000000060bc00000, 0x0000000800000000)
  region size 4096K, 46 young (188416K), 5 survivors (20480K)
 Metaspace       used 29965K, committed 30272K, reserved 1114112K
  class space    used 3378K, committed 3520K, reserved 1048576K
}
Event: 4.571 GC heap after
{Heap after GC invocations=9 (full 0):
 garbage-first heap   total 319488K, used 57082K [0x000000060bc00000, 0x0000000800000000)
  region size 4096K, 2 young (8192K), 2 survivors (8192K)
 Metaspace       used 29965K, committed 30272K, reserved 1114112K
  class space    used 3378K, committed 3520K, reserved 1048576K
}
Event: 6.011 GC heap before
{Heap before GC invocations=9 (full 0):
 garbage-first heap   total 319488K, used 237306K [0x000000060bc00000, 0x0000000800000000)
  region size 4096K, 46 young (188416K), 2 survivors (8192K)
 Metaspace       used 32874K, committed 33344K, reserved 1114112K
  class space    used 3647K, committed 3904K, reserved 1048576K
}
Event: 6.027 GC heap after
{Heap after GC invocations=10 (full 0):
 garbage-first heap   total 692224K, used 81834K [0x000000060bc00000, 0x0000000800000000)
  region size 4096K, 6 young (24576K), 6 survivors (24576K)
 Metaspace       used 32874K, committed 33344K, reserved 1114112K
  class space    used 3647K, committed 3904K, reserved 1048576K
}

